<?xml version="1.0" encoding="UTF-8"?>
<!-- Generated by org.testng.reporters.JUnitXMLReporter -->
<testsuite hostname="CPI-Arvic" ignored="5" name="Test Grouping" tests="5" failures="0" timestamp="16 Jan 2018 09:16:03 GMT" time="0.008" errors="0">
  <testcase name="f2" time="0.0" classname="testNG.TestGrouping"/>
  <testcase name="m1" time="0.0" classname="testNG.TestGroupingNew"/>
  <testcase name="m2" time="0.0" classname="testNG.TestGroupingNew"/>
  <testcase name="m3" time="0.003" classname="testNG.TestGroupingNew"/>
  <testcase name="m4" time="0.0" classname="testNG.TestGroupingNew"/>
  <testcase name="f1" time="0.0" classname="testNG.TestGrouping">
    <ignored/>
  </testcase> <!-- f1 -->
  <testcase name="f3" time="0.0" classname="testNG.TestGrouping">
    <ignored/>
  </testcase> <!-- f3 -->
  <testcase name="f4" time="0.0" classname="testNG.TestGrouping">
    <ignored/>
  </testcase> <!-- f4 -->
  <testcase name="f5" time="0.0" classname="testNG.TestGrouping">
    <ignored/>
  </testcase> <!-- f5 -->
  <testcase name="f6" time="0.0" classname="testNG.TestGrouping">
    <ignored/>
  </testcase> <!-- f6 -->
</testsuite> <!-- Test Grouping -->
