<?xml version="1.0" encoding="UTF-8"?>
<!-- Generated by org.testng.reporters.JUnitXMLReporter -->
<testsuite hostname="CPI-Arvic" ignored="0" name="Test Dependency" tests="3" failures="0" timestamp="16 Jan 2018 09:15:40 GMT" time="36.625" errors="0">
  <testcase name="invokeBrowser" time="18.175" classname="testNG.TestNGDependency"/>
  <testcase name="loginToFacebook" time="2.837" classname="testNG.TestNGDependency"/>
  <testcase name="getTitle" time="0.036" classname="testNG.TestAssertion"/>
</testsuite> <!-- Test Dependency -->
