<?xml version="1.0" encoding="UTF-8"?>
<!-- Generated by org.testng.reporters.JUnitXMLReporter -->
<testsuite hostname="CPI-Arvic" ignored="0" name="Test Dependency" tests="3" failures="0" timestamp="23 Jan 2018 01:11:57 GMT" time="33.459" errors="0">
  <testcase name="invokeBrowser" time="13.804" classname="testNG.TestNGDependency"/>
  <testcase name="loginToFacebook" time="3.727" classname="testNG.TestNGDependency"/>
  <testcase name="getTitle" time="0.012" classname="testNG.TestAssertion"/>
</testsuite> <!-- Test Dependency -->
