<?xml version="1.0" encoding="UTF-8"?>
<testng-results skipped="0" failed="0" ignored="0" total="1" passed="1">
  <reporter-output>
  </reporter-output>
  <suite name="Default suite" duration-ms="17661" started-at="2018-01-23T03:19:34Z" finished-at="2018-01-23T03:19:52Z">
    <groups>
    </groups>
    <test name="Default test" duration-ms="17661" started-at="2018-01-23T03:19:34Z" finished-at="2018-01-23T03:19:52Z">
      <class name="com.selenium.webdriver.basic.SeleniumDay1">
        <test-method status="PASS" signature="invokeBrowser()[pri:0, instance:com.selenium.webdriver.basic.SeleniumDay1@32d2fa64]" name="invokeBrowser" is-config="true" duration-ms="5471" started-at="2018-01-23T11:19:35Z" finished-at="2018-01-23T11:19:40Z">
          <reporter-output>
          </reporter-output>
        </test-method> <!-- invokeBrowser -->
        <test-method status="PASS" signature="findElement()[pri:0, instance:com.selenium.webdriver.basic.SeleniumDay1@32d2fa64]" name="findElement" duration-ms="11567" started-at="2018-01-23T11:19:40Z" finished-at="2018-01-23T11:19:52Z">
          <reporter-output>
          </reporter-output>
        </test-method> <!-- findElement -->
        <test-method status="PASS" signature="afterMethod()[pri:0, instance:com.selenium.webdriver.basic.SeleniumDay1@32d2fa64]" name="afterMethod" is-config="true" duration-ms="580" started-at="2018-01-23T11:19:52Z" finished-at="2018-01-23T11:19:52Z">
          <reporter-output>
          </reporter-output>
        </test-method> <!-- afterMethod -->
      </class> <!-- com.selenium.webdriver.basic.SeleniumDay1 -->
    </test> <!-- Default test -->
  </suite> <!-- Default suite -->
</testng-results>
