<?xml version="1.0" encoding="UTF-8"?>
<!-- Generated by org.testng.reporters.JUnitXMLReporter -->
<testsuite hostname="CPI-Arvic" ignored="0" name="Test Dependency" tests="3" failures="0" timestamp="16 Jan 2018 03:34:07 GMT" time="21.108" errors="0">
  <testcase name="invokeBrowser" time="9.419" classname="testNG.TestNGDependency"/>
  <testcase name="loginToFacebook" time="2.406" classname="testNG.TestNGDependency"/>
  <testcase name="getTitle" time="0.013" classname="testNG.TestAssertion"/>
</testsuite> <!-- Test Dependency -->
